# JRE version: OpenJDK Runtime Environment (11.0.11+9) (build 11.0.11+9-b60-7590822)
# Java VM: OpenJDK 64-Bit Server VM (11.0.11+9-b60-7590822, mixed mode, tiered, compressed oops, g1 gc, windows-amd64)
Heap:
 garbage-first heap   total 129024K, used 97059K [0x00000000a0000000, 0x0000000100000000)
  region size 1024K, 9 young (9216K), 2 survivors (2048K)
 Metaspace       used 81306K, capacity 84114K, committed 84268K, reserved 1122304K
  class space    used 10664K, capacity 11625K, committed 11648K, reserved 1048576K
GC Heap History (20 events):
Event: 29.198 GC heap before
{Heap before GC invocations=17 (full 0):
 garbage-first heap   total 129024K, used 96299K [0x00000000a0000000, 0x0000000100000000)
  region size 1024K, 43 young (44032K), 5 survivors (5120K)
 Metaspace       used 69188K, capacity 71121K, committed 71340K, reserved 1112064K
  class space    used 9002K, capacity 9724K, committed 9728K, reserved 1048576K
}
Event: 29.207 GC heap after
{Heap after GC invocations=18 (full 0):
 garbage-first heap   total 129024K, used 60594K [0x00000000a0000000, 0x0000000100000000)
  region size 1024K, 5 young (5120K), 5 survivors (5120K)
 Metaspace       used 69188K, capacity 71121K, committed 71340K, reserved 1112064K
  class space    used 9002K, capacity 9724K, committed 9728K, reserved 1048576K
}
Event: 32.115 GC heap before
{Heap before GC invocations=18 (full 0):
 garbage-first heap   total 129024K, used 99506K [0x00000000a0000000, 0x0000000100000000)
  region size 1024K, 43 young (44032K), 5 survivors (5120K)
 Metaspace       used 70671K, capacity 72729K, committed 72876K, reserved 1112064K
  class space    used 9226K, capacity 9968K, committed 9984K, reserved 1048576K
}
Event: 32.122 GC heap after
{Heap after GC invocations=19 (full 0):
 garbage-first heap   total 129024K, used 64954K [0x00000000a0000000, 0x0000000100000000)
  region size 1024K, 5 young (5120K), 5 survivors (5120K)
 Metaspace       used 70671K, capacity 72729K, committed 72876K, reserved 1112064K
  class space    used 9226K, capacity 9968K, committed 9984K, reserved 1048576K
}
Event: 33.676 GC heap before
{Heap before GC invocations=19 (full 0):
 garbage-first heap   total 129024K, used 99770K [0x00000000a0000000, 0x0000000100000000)
  region size 1024K, 40 young (40960K), 5 survivors (5120K)
 Metaspace       used 72135K, capacity 74278K, committed 74412K, reserved 1114112K
  class space    used 9404K, capacity 10175K, committed 10240K, reserved 1048576K
}
Event: 33.685 GC heap after
{Heap after GC invocations=20 (full 0):
 garbage-first heap   total 129024K, used 71576K [0x00000000a0000000, 0x0000000100000000)
  region size 1024K, 5 young (5120K), 5 survivors (5120K)
 Metaspace       used 72135K, capacity 74278K, committed 74412K, reserved 1114112K
  class space    used 9404K, capacity 10175K, committed 10240K, reserved 1048576K
}
Event: 34.801 GC heap before
{Heap before GC invocations=21 (full 0):
 garbage-first heap   total 129024K, used 101272K [0x00000000a0000000, 0x0000000100000000)
  region size 1024K, 35 young (35840K), 5 survivors (5120K)
 Metaspace       used 72774K, capacity 75191K, committed 75308K, reserved 1114112K
  class space    used 9457K, capacity 10290K, committed 10368K, reserved 1048576K
}
Event: 34.807 GC heap after
{Heap after GC invocations=22 (full 0):
 garbage-first heap   total 129024K, used 76653K [0x00000000a0000000, 0x0000000100000000)
  region size 1024K, 5 young (5120K), 5 survivors (5120K)
 Metaspace       used 72774K, capacity 75191K, committed 75308K, reserved 1114112K
  class space    used 9457K, capacity 10290K, committed 10368K, reserved 1048576K
}
Event: 35.263 GC heap before
{Heap before GC invocations=22 (full 0):
 garbage-first heap   total 129024K, used 102253K [0x00000000a0000000, 0x0000000100000000)
  region size 1024K, 30 young (30720K), 5 survivors (5120K)
 Metaspace       used 75376K, capacity 77935K, committed 77996K, reserved 1116160K
  class space    used 9836K, capacity 10711K, committed 10752K, reserved 1048576K
}
Event: 35.272 GC heap after
{Heap after GC invocations=23 (full 0):
 garbage-first heap   total 129024K, used 79450K [0x00000000a0000000, 0x0000000100000000)
  region size 1024K, 3 young (3072K), 3 survivors (3072K)
 Metaspace       used 75376K, capacity 77935K, committed 77996K, reserved 1116160K
  class space    used 9836K, capacity 10711K, committed 10752K, reserved 1048576K
}
Event: 35.760 GC heap before
{Heap before GC invocations=24 (full 0):
 garbage-first heap   total 129024K, used 103002K [0x00000000a0000000, 0x0000000100000000)
  region size 1024K, 27 young (27648K), 3 survivors (3072K)
 Metaspace       used 77817K, capacity 80459K, committed 80684K, reserved 1118208K
  class space    used 10170K, capacity 11050K, committed 11136K, reserved 1048576K
}
Event: 35.766 GC heap after
{Heap after GC invocations=25 (full 0):
 garbage-first heap   total 129024K, used 80821K [0x00000000a0000000, 0x0000000100000000)
  region size 1024K, 2 young (2048K), 2 survivors (2048K)
 Metaspace       used 77817K, capacity 80459K, committed 80684K, reserved 1118208K
  class space    used 10170K, capacity 11050K, committed 11136K, reserved 1048576K
}
Event: 36.302 GC heap before
{Heap before GC invocations=25 (full 0):
 garbage-first heap   total 129024K, used 104373K [0x00000000a0000000, 0x0000000100000000)
  region size 1024K, 26 young (26624K), 2 survivors (2048K)
 Metaspace       used 78928K, capacity 81568K, committed 81836K, reserved 1120256K
  class space    used 10314K, capacity 11213K, committed 11264K, reserved 1048576K
}
Event: 36.308 GC heap after
{Heap after GC invocations=26 (full 0):
 garbage-first heap   total 129024K, used 84507K [0x00000000a0000000, 0x0000000100000000)
  region size 1024K, 4 young (4096K), 4 survivors (4096K)
 Metaspace       used 78928K, capacity 81568K, committed 81836K, reserved 1120256K
  class space    used 10314K, capacity 11213K, committed 11264K, reserved 1048576K
}
Event: 36.705 GC heap before
{Heap before GC invocations=27 (full 0):
 garbage-first heap   total 129024K, used 106011K [0x00000000a0000000, 0x0000000100000000)
  region size 1024K, 25 young (25600K), 4 survivors (4096K)
 Metaspace       used 79648K, capacity 82347K, committed 82476K, reserved 1120256K
  class space    used 10397K, capacity 11292K, committed 11392K, reserved 1048576K
}
Event: 36.714 GC heap after
{Heap after GC invocations=28 (full 0):
 garbage-first heap   total 129024K, used 87920K [0x00000000a0000000, 0x0000000100000000)
  region size 1024K, 4 young (4096K), 4 survivors (4096K)
 Metaspace       used 79648K, capacity 82347K, committed 82476K, reserved 1120256K
  class space    used 10397K, capacity 11292K, committed 11392K, reserved 1048576K
}
Event: 37.143 GC heap before
{Heap before GC invocations=28 (full 0):
 garbage-first heap   total 129024K, used 105328K [0x00000000a0000000, 0x0000000100000000)
  region size 1024K, 22 young (22528K), 4 survivors (4096K)
 Metaspace       used 80622K, capacity 83373K, committed 83628K, reserved 1122304K
  class space    used 10547K, capacity 11440K, committed 11520K, reserved 1048576K
}
Event: 37.153 GC heap after
{Heap after GC invocations=29 (full 0):
 garbage-first heap   total 129024K, used 90085K [0x00000000a0000000, 0x0000000100000000)
  region size 1024K, 3 young (3072K), 3 survivors (3072K)
 Metaspace       used 80622K, capacity 83373K, committed 83628K, reserved 1122304K
  class space    used 10547K, capacity 11440K, committed 11520K, reserved 1048576K
}
Event: 37.864 GC heap before
{Heap before GC invocations=30 (full 0):
 garbage-first heap   total 129024K, used 106469K [0x00000000a0000000, 0x0000000100000000)
  region size 1024K, 20 young (20480K), 3 survivors (3072K)
 Metaspace       used 80863K, capacity 83704K, committed 84012K, reserved 1122304K
  class space    used 10591K, capacity 11550K, committed 11648K, reserved 1048576K
}
Event: 37.869 GC heap after
{Heap after GC invocations=31 (full 0):
 garbage-first heap   total 129024K, used 90915K [0x00000000a0000000, 0x0000000100000000)
  region size 1024K, 2 young (2048K), 2 survivors (2048K)
 Metaspace       used 80863K, capacity 83704K, committed 84012K, reserved 1122304K
  class space    used 10591K, capacity 11550K, committed 11648K, reserved 1048576K
}

